2025-10-06 14:42:00,469 - ACTION - Test log entry
2025-10-06 14:56:48,563 - ACTION - ================================================================================
2025-10-06 14:56:48,563 - ACTION - LINKEDIN AUTOMATION SESSION STARTED
2025-10-06 14:56:48,563 - ACTION - ================================================================================
2025-10-06 14:56:48,563 - ACTION - Starting user input collection
2025-10-06 14:57:33,821 - ACTION - User configuration collected - Email: mndzebelemalungisa@gmail.com
2025-10-06 14:57:33,821 - ACTION - Job keywords: Data Analyst
2025-10-06 14:57:33,823 - ACTION - Max applications per day: 10
2025-10-06 14:57:33,824 - ACTION - Easy Apply only: True
2025-10-06 14:57:33,824 - ACTION - Creating LinkedIn configuration object
2025-10-06 14:57:33,825 - ACTION - Configuration created successfully
2025-10-06 14:57:33,825 - ACTION - Initializing LinkedInAutomation instance
2025-10-06 14:57:33,825 - ACTION - LinkedInAutomation instance created
2025-10-06 14:57:33,826 - ACTION - Attempting to start browser session
2025-10-06 14:57:45,407 - ACTION - Browser session startup failed
2025-10-06 15:00:51,049 - ACTION - ================================================================================
2025-10-06 15:00:51,050 - ACTION - LINKEDIN AUTOMATION SESSION STARTED
2025-10-06 15:00:51,050 - ACTION - ================================================================================
2025-10-06 15:00:51,050 - ACTION - Starting user input collection
2025-10-06 15:00:51,050 - ACTION - Unexpected error occurred: EOF when reading a line
2025-10-06 15:00:51,050 - ACTION - ================================================================================
2025-10-06 15:00:51,051 - ACTION - LINKEDIN AUTOMATION SESSION FAILED
2025-10-06 15:00:51,051 - ACTION - ================================================================================
2025-10-06 15:35:16,227 - ACTION - ================================================================================
2025-10-06 15:35:16,227 - ACTION - LINKEDIN AUTOMATION SESSION STARTED
2025-10-06 15:35:16,228 - ACTION - ================================================================================
2025-10-06 15:35:16,228 - ACTION - Starting user input collection
2025-10-06 15:35:58,869 - ACTION - User configuration collected - Email: mndzebelemalungisa@gmail.com
2025-10-06 15:35:58,869 - ACTION - Job keywords: Data Analyst
2025-10-06 15:35:58,870 - ACTION - Max applications per day: 10
2025-10-06 15:35:58,870 - ACTION - Easy Apply only: True
2025-10-06 15:35:58,870 - ACTION - Creating LinkedIn configuration object
2025-10-06 15:35:58,871 - ACTION - Configuration created successfully
2025-10-06 15:35:58,871 - ACTION - Initializing LinkedInAutomation instance
2025-10-06 15:35:58,871 - ACTION - LinkedInAutomation instance created
2025-10-06 15:35:58,872 - ACTION - Attempting to start browser session
2025-10-06 15:36:05,081 - ACTION - Browser session started successfully
2025-10-06 15:36:05,087 - ACTION - Attempting to login to LinkedIn with email: mndzebelemalungisa@gmail.com
2025-10-06 15:36:22,255 - ACTION - LinkedIn login successful
2025-10-06 15:36:22,256 - ACTION - Starting job search with keywords: Data Analyst
2025-10-06 15:36:36,913 - ACTION - Job search failed
2025-10-06 15:45:52,779 - ACTION - ================================================================================
2025-10-06 15:45:52,779 - ACTION - LINKEDIN AUTOMATION SESSION STARTED
2025-10-06 15:45:52,779 - ACTION - ================================================================================
2025-10-06 15:45:52,779 - ACTION - Starting user input collection
2025-10-06 15:46:45,759 - ACTION - User configuration collected - Email: mndzebelemalungisa@gmail.com
2025-10-06 15:46:45,759 - ACTION - Job keywords: Data Analyst
2025-10-06 15:46:45,759 - ACTION - Max applications per day: 10
2025-10-06 15:46:45,759 - ACTION - Easy Apply only: True
2025-10-06 15:46:45,760 - ACTION - Creating LinkedIn configuration object
2025-10-06 15:46:45,760 - ACTION - Configuration created successfully
2025-10-06 15:46:45,761 - ACTION - Initializing LinkedInAutomation instance
2025-10-06 15:46:45,761 - ACTION - LinkedInAutomation instance created
2025-10-06 15:46:45,761 - ACTION - Attempting to start browser session
2025-10-06 15:46:52,264 - ACTION - Browser session started successfully
2025-10-06 15:46:52,266 - ACTION - Attempting to login to LinkedIn with email: mndzebelemalungisa@gmail.com
2025-10-06 15:47:09,930 - ACTION - LinkedIn login successful
2025-10-06 15:47:09,931 - ACTION - Starting job search with keywords: Data Analyst
2025-10-06 15:47:46,625 - ACTION - Job search completed successfully
2025-10-06 15:47:46,625 - ACTION - Fetching job listings from search results
2025-10-06 15:54:08,424 - ACTION - No job listings found in search results
