2025-10-06 14:23:21,298 - __main__ - INFO - Loading configuration...
2025-10-06 14:23:21,299 - __main__ - ERROR - LinkedIn credentials not found in environment variables
2025-10-06 14:23:21,299 - __main__ - ERROR - Please set LINKEDIN_EMAIL and LINKEDIN_PASSWORD
2025-10-06 14:24:14,417 - __main__ - INFO - Loading configuration...
2025-10-06 14:24:14,418 - __main__ - ERROR - LinkedIn credentials not found in environment variables
2025-10-06 14:24:14,418 - __main__ - ERROR - Please set LINKEDIN_EMAIL and LINKEDIN_PASSWORD
2025-10-06 14:24:32,760 - __main__ - INFO - Loading configuration...
2025-10-06 14:24:32,761 - __main__ - INFO - Initializing LinkedIn automation...
2025-10-06 14:24:32,761 - __main__ - INFO - Starting browser session...
2025-10-06 14:24:32,762 - WDM - INFO - ====== WebDriver manager ======
2025-10-06 14:24:34,764 - WDM - INFO - Get LATEST chromedriver version for google-chrome
2025-10-06 14:24:36,215 - WDM - INFO - Get LATEST chromedriver version for google-chrome
2025-10-06 14:24:38,209 - WDM - INFO - Driver [C:\Users\1\.wdm\drivers\chromedriver\win64\140.0.7339.207\chromedriver-win32/chromedriver.exe] found in cache
2025-10-06 14:24:44,765 - linkedin_automation - INFO - Browser session started successfully
2025-10-06 14:24:44,766 - __main__ - INFO - Logging into LinkedIn...
2025-10-06 14:24:44,766 - linkedin_automation - INFO - Starting LinkedIn login process
2025-10-06 14:25:13,193 - linkedin_automation - WARNING - LinkedIn requires additional verification
2025-10-06 14:25:13,193 - __main__ - ERROR - Failed to login to LinkedIn
2025-10-06 14:25:17,655 - linkedin_automation - INFO - Browser session closed
2025-10-06 14:29:33,661 - __main__ - INFO - Loading configuration...
2025-10-06 14:29:33,663 - __main__ - ERROR - LinkedIn credentials not found in environment variables
2025-10-06 14:29:33,664 - __main__ - ERROR - Please set LINKEDIN_EMAIL and LINKEDIN_PASSWORD
2025-10-06 14:35:31,212 - __main__ - INFO - Automation interrupted by user
2025-10-06 14:36:11,902 - __main__ - INFO - Automation interrupted by user
2025-10-06 14:37:27,458 - __main__ - INFO - Creating configuration...
2025-10-06 14:37:27,488 - __main__ - INFO - Initializing LinkedIn automation...
2025-10-06 14:37:27,489 - __main__ - INFO - Starting browser session...
2025-10-06 14:37:27,510 - WDM - INFO - ====== WebDriver manager ======
2025-10-06 14:37:39,306 - WDM - INFO - Get LATEST chromedriver version for google-chrome
2025-10-06 14:37:43,007 - WDM - INFO - Get LATEST chromedriver version for google-chrome
2025-10-06 14:37:44,423 - WDM - INFO - Driver [C:\Users\1\.wdm\drivers\chromedriver\win64\140.0.7339.207\chromedriver-win32/chromedriver.exe] found in cache
2025-10-06 14:37:49,659 - linkedin_automation - INFO - Browser session started successfully
2025-10-06 14:37:49,662 - __main__ - INFO - Logging into LinkedIn...
2025-10-06 14:37:49,663 - linkedin_automation - INFO - Starting LinkedIn login process
2025-10-06 14:38:18,635 - linkedin_automation - INFO - Successfully logged into LinkedIn
2025-10-06 14:38:18,636 - __main__ - INFO - Searching for jobs...
2025-10-06 14:38:18,637 - linkedin_automation - INFO - Searching for jobs with keywords: Data Analyst
2025-10-06 14:38:33,542 - linkedin_automation - ERROR - Job search failed: Message: 
Stacktrace:
	GetHandleVerifier [0x0x127c333+65459]
	GetHandleVerifier [0x0x127c374+65524]
	(No symbol) [0x0x109d973]
	(No symbol) [0x0x10e76e7]
	(No symbol) [0x0x10e7a8b]
	(No symbol) [0x0x112dea2]
	(No symbol) [0x0x1109e44]
	(No symbol) [0x0x112b606]
	(No symbol) [0x0x1109bf6]
	(No symbol) [0x0x10db38e]
	(No symbol) [0x0x10dc274]
	GetHandleVerifier [0x0x14feda3+2697763]
	GetHandleVerifier [0x0x14f9ec7+2677575]
	GetHandleVerifier [0x0x12a4194+228884]
	GetHandleVerifier [0x0x12949f8+165496]
	GetHandleVerifier [0x0x129b18d+192013]
	GetHandleVerifier [0x0x12847d8+99416]
	GetHandleVerifier [0x0x1284972+99826]
	GetHandleVerifier [0x0x126ebea+10346]
	BaseThreadInitThunk [0x0x76d7fcc9+25]
	RtlGetAppContainerNamedObjectPath [0x0x776f82ae+286]
	RtlGetAppContainerNamedObjectPath [0x0x776f827e+238]

2025-10-06 14:38:33,547 - __main__ - ERROR - Failed to search for jobs
2025-10-06 14:38:36,345 - linkedin_automation - INFO - Browser session closed
2025-10-06 14:57:33,824 - __main__ - INFO - main:136 - Creating configuration...
2025-10-06 14:57:33,825 - __main__ - INFO - main:152 - Initializing LinkedIn automation...
2025-10-06 14:57:33,825 - __main__ - INFO - main:158 - Starting browser session...
2025-10-06 14:57:33,826 - WDM - INFO - log:11 - ====== WebDriver manager ======
2025-10-06 14:57:35,479 - WDM - INFO - log:11 - Get LATEST chromedriver version for google-chrome
2025-10-06 14:57:36,855 - WDM - INFO - log:11 - Get LATEST chromedriver version for google-chrome
2025-10-06 14:57:38,035 - WDM - INFO - log:11 - Driver [C:\Users\1\.wdm\drivers\chromedriver\win64\140.0.7339.207\chromedriver-win32/chromedriver.exe] found in cache
2025-10-06 14:57:44,718 - linkedin_automation - ERROR - start_session:104 - Failed to start browser session: Message: session not created: probably user data directory is already in use, please specify a unique value for --user-data-dir argument, or don't use --user-data-dir; For documentation on this error, please visit: https://www.selenium.dev/documentation/webdriver/troubleshooting/errors#sessionnotcreatedexception
Stacktrace:
	GetHandleVerifier [0x0xafc333+65459]
	GetHandleVerifier [0x0xafc374+65524]
	(No symbol) [0x0x91d973]
	(No symbol) [0x0x95256a]
	(No symbol) [0x0x94db5a]
	(No symbol) [0x0x995a50]
	(No symbol) [0x0x99534a]
	(No symbol) [0x0x989bf6]
	(No symbol) [0x0x95b38e]
	(No symbol) [0x0x95c274]
	GetHandleVerifier [0x0xd7eda3+2697763]
	GetHandleVerifier [0x0xd79ec7+2677575]
	GetHandleVerifier [0x0xb24194+228884]
	GetHandleVerifier [0x0xb149f8+165496]
	GetHandleVerifier [0x0xb1b18d+192013]
	GetHandleVerifier [0x0xb047d8+99416]
	GetHandleVerifier [0x0xb04972+99826]
	GetHandleVerifier [0x0xaeebea+10346]
	BaseThreadInitThunk [0x0x76d7fcc9+25]
	RtlGetAppContainerNamedObjectPath [0x0x776f82ae+286]
	RtlGetAppContainerNamedObjectPath [0x0x776f827e+238]

2025-10-06 14:57:45,075 - __main__ - ERROR - main:161 - Failed to start browser session
2025-10-06 15:00:51,050 - __main__ - ERROR - main:283 - Unexpected error: EOF when reading a line
2025-10-06 15:35:58,870 - __main__ - INFO - main:136 - Creating configuration...
2025-10-06 15:35:58,871 - __main__ - INFO - main:152 - Initializing LinkedIn automation...
2025-10-06 15:35:58,871 - __main__ - INFO - main:158 - Starting browser session...
2025-10-06 15:35:58,873 - WDM - INFO - log:11 - ====== WebDriver manager ======
2025-10-06 15:36:00,651 - WDM - INFO - log:11 - Get LATEST chromedriver version for google-chrome
2025-10-06 15:36:01,892 - WDM - INFO - log:11 - Get LATEST chromedriver version for google-chrome
2025-10-06 15:36:03,087 - WDM - INFO - log:11 - Driver [C:\Users\1\.wdm\drivers\chromedriver\win64\140.0.7339.207\chromedriver-win32/chromedriver.exe] found in cache
2025-10-06 15:36:05,079 - linkedin_automation - INFO - start_session:109 - Browser session started successfully
2025-10-06 15:36:05,082 - __main__ - INFO - main:167 - Logging into LinkedIn...
2025-10-06 15:36:05,088 - linkedin_automation - INFO - login:128 - Starting LinkedIn login process
2025-10-06 15:36:22,253 - linkedin_automation - INFO - login:155 - Successfully logged into LinkedIn
2025-10-06 15:36:22,255 - __main__ - INFO - main:177 - Searching for jobs...
2025-10-06 15:36:22,256 - linkedin_automation - INFO - search_jobs:189 - Searching for jobs with keywords: Data Analyst
2025-10-06 15:36:36,904 - linkedin_automation - ERROR - search_jobs:211 - Job search failed: Message: 
Stacktrace:
	GetHandleVerifier [0x0xafc333+65459]
	GetHandleVerifier [0x0xafc374+65524]
	(No symbol) [0x0x91d973]
	(No symbol) [0x0x9676e7]
	(No symbol) [0x0x967a8b]
	(No symbol) [0x0x9adea2]
	(No symbol) [0x0x989e44]
	(No symbol) [0x0x9ab606]
	(No symbol) [0x0x989bf6]
	(No symbol) [0x0x95b38e]
	(No symbol) [0x0x95c274]
	GetHandleVerifier [0x0xd7eda3+2697763]
	GetHandleVerifier [0x0xd79ec7+2677575]
	GetHandleVerifier [0x0xb24194+228884]
	GetHandleVerifier [0x0xb149f8+165496]
	GetHandleVerifier [0x0xb1b18d+192013]
	GetHandleVerifier [0x0xb047d8+99416]
	GetHandleVerifier [0x0xb04972+99826]
	GetHandleVerifier [0x0xaeebea+10346]
	BaseThreadInitThunk [0x0x76d7fcc9+25]
	RtlGetAppContainerNamedObjectPath [0x0x776f82ae+286]
	RtlGetAppContainerNamedObjectPath [0x0x776f827e+238]

2025-10-06 15:36:36,912 - __main__ - ERROR - main:180 - Failed to search for jobs
2025-10-06 15:36:39,756 - linkedin_automation - INFO - close_session:442 - Browser session closed
2025-10-06 15:46:45,760 - __main__ - INFO - main:136 - Creating configuration...
2025-10-06 15:46:45,760 - __main__ - INFO - main:152 - Initializing LinkedIn automation...
2025-10-06 15:46:45,761 - __main__ - INFO - main:158 - Starting browser session...
2025-10-06 15:46:45,763 - WDM - INFO - log:11 - ====== WebDriver manager ======
2025-10-06 15:46:47,329 - WDM - INFO - log:11 - Get LATEST chromedriver version for google-chrome
2025-10-06 15:46:48,490 - WDM - INFO - log:11 - Get LATEST chromedriver version for google-chrome
2025-10-06 15:46:49,640 - WDM - INFO - log:11 - Driver [C:\Users\1\.wdm\drivers\chromedriver\win64\140.0.7339.207\chromedriver-win32/chromedriver.exe] found in cache
2025-10-06 15:46:52,263 - linkedin_automation - INFO - start_session:109 - Browser session started successfully
2025-10-06 15:46:52,265 - __main__ - INFO - main:167 - Logging into LinkedIn...
2025-10-06 15:46:52,267 - linkedin_automation - INFO - login:128 - Starting LinkedIn login process
2025-10-06 15:47:09,929 - linkedin_automation - INFO - login:155 - Successfully logged into LinkedIn
2025-10-06 15:47:09,930 - __main__ - INFO - main:177 - Searching for jobs...
2025-10-06 15:47:09,931 - linkedin_automation - INFO - search_jobs:189 - Searching for jobs with keywords: Data Analyst
2025-10-06 15:47:46,623 - linkedin_automation - WARNING - search_jobs:215 - Job search results may not have loaded properly
2025-10-06 15:47:46,624 - linkedin_automation - INFO - search_jobs:217 - Job search completed successfully
2025-10-06 15:47:46,625 - __main__ - INFO - main:187 - Retrieving job listings...
2025-10-06 15:47:48,655 - linkedin_automation - INFO - get_job_listings:282 - Found 8 job elements using selector: //div[contains(@class, 'job-card-container')]
2025-10-06 15:48:35,730 - linkedin_automation - WARNING - get_job_listings:296 - Could not extract title/company from job 1
2025-10-06 15:49:16,132 - linkedin_automation - WARNING - get_job_listings:296 - Could not extract title/company from job 2
2025-10-06 15:49:56,357 - linkedin_automation - WARNING - get_job_listings:296 - Could not extract title/company from job 3
2025-10-06 15:50:36,684 - linkedin_automation - WARNING - get_job_listings:296 - Could not extract title/company from job 4
2025-10-06 15:52:07,640 - linkedin_automation - WARNING - get_job_listings:296 - Could not extract title/company from job 5
2025-10-06 15:52:47,918 - linkedin_automation - WARNING - get_job_listings:296 - Could not extract title/company from job 6
2025-10-06 15:53:28,198 - linkedin_automation - WARNING - get_job_listings:296 - Could not extract title/company from job 7
2025-10-06 15:54:08,422 - linkedin_automation - WARNING - get_job_listings:296 - Could not extract title/company from job 8
2025-10-06 15:54:08,423 - linkedin_automation - INFO - get_job_listings:316 - Retrieved 0 job listings
2025-10-06 15:54:08,424 - __main__ - WARNING - main:192 - No job listings found
2025-10-06 15:54:11,089 - linkedin_automation - INFO - close_session:540 - Browser session closed
